Base path: C:/Program Files (x86)/Unity/Editor/Data
Pipe name: \\.\pipe\UnityShaderCompiler-4-6040
Cmd: getPlatforms
Cmd: compileSnippet
  api=4 type=0 insize=8245 outsize=1298 kw=DIRECTIONAL SHADOWS_OFF LIGHTMAP_ON DIRLIGHTMAP_OFF ok=1
Cmd: compileSnippet
  api=4 type=1 insize=8245 outsize=3029 kw=DIRECTIONAL SHADOWS_SCREEN LIGHTMAP_OFF DIRLIGHTMAP_OFF ok=1
Cmd: compileSnippet
  api=4 type=2 insize=8245 outsize=7750 kw=DIRECTIONAL SHADOWS_SCREEN LIGHTMAP_OFF DIRLIGHTMAP_OFF ok=1
Cmd: compileSnippet
  api=4 type=3 insize=8245 outsize=3614 kw=DIRECTIONAL SHADOWS_OFF LIGHTMAP_ON DIRLIGHTMAP_OFF ok=1
Cmd: compileSnippet
  api=4 type=3 insize=8245 outsize=5345 kw=DIRECTIONAL SHADOWS_SCREEN LIGHTMAP_ON DIRLIGHTMAP_ON ok=1
Cmd: compileSnippet
  api=4 type=0 insize=5868 outsize=1298 kw=SPOT ok=1
Cmd: compileSnippet
  api=4 type=1 insize=5868 outsize=3151 kw=POINT_COOKIE ok=1
Cmd: compileSnippet
  api=4 type=2 insize=5868 outsize=7750 kw=SPOT ok=1
Cmd: compileSnippet
  api=4 type=3 insize=5868 outsize=6133 kw=POINT_COOKIE ok=1
Cmd: compileSnippet
  api=4 type=0 insize=7711 outsize=1298 kw=LIGHTMAP_ON DIRLIGHTMAP_OFF HDR_LIGHT_PREPASS_OFF ok=1
Cmd: compileSnippet
  api=4 type=0 insize=7711 outsize=1298 kw=LIGHTMAP_ON DIRLIGHTMAP_ON HDR_LIGHT_PREPASS_ON ok=1
Cmd: compileSnippet
  api=4 type=1 insize=7711 outsize=4037 kw=LIGHTMAP_ON DIRLIGHTMAP_ON HDR_LIGHT_PREPASS_OFF ok=1
Cmd: compileSnippet
  api=4 type=2 insize=7711 outsize=7750 kw=LIGHTMAP_ON DIRLIGHTMAP_ON HDR_LIGHT_PREPASS_OFF ok=1
Cmd: compileSnippet
  api=4 type=3 insize=7711 outsize=5060 kw=LIGHTMAP_ON DIRLIGHTMAP_OFF HDR_LIGHT_PREPASS_OFF ok=1
Cmd: compileSnippet
  api=4 type=2 insize=4981 outsize=7750 kw=SHADOWS_CUBE ok=1
Cmd: compileSnippet
  api=4 type=0 insize=5026 outsize=1298 kw=SHADOWS_SPLIT_SPHERES SHADOWS_NATIVE ok=1
Cmd: compileSnippet
  api=4 type=2 insize=5026 outsize=7750 kw=SHADOWS_SPLIT_SPHERES SHADOWS_NATIVE ok=1
Unhandled exception: Readfile from pipe failed. GLE=Le canal de communication a été fermé.


Quitting shader compiler process
